[22:29:50] [ServerMain/INFO]: Building unoptimized datafixer
[22:29:52] [ServerMain/INFO]: Environment: authHost='https://authserver.mojang.com', accountsHost='https://api.mojang.com', sessionHost='https://sessionserver.mojang.com', servicesHost='https://api.minecraftservices.com', name='PROD'
[22:29:53] [ServerMain/INFO]: Loaded 7 recipes
[22:29:54] [Server thread/INFO]: Starting minecraft server version 1.19.3
[22:29:54] [Server thread/INFO]: Loading properties
[22:29:54] [Server thread/INFO]: This server is running Paper version git-Paper-448 (MC: 1.19.3) (Implementing API version 1.19.3-R0.1-SNAPSHOT) (Git: 155aa36)
[22:29:54] [Server thread/INFO]: Using 4 threads for Netty based IO
[22:29:54] [Server thread/INFO]: Server Ping Player Sample Count: 12
[22:29:54] [Server thread/INFO]: [ChunkTaskScheduler] Chunk system is using 1 I/O threads, 4 worker threads, and gen parallelism of 4 threads
[22:29:54] [Server thread/INFO]: Default game type: SURVIVAL
[22:29:54] [Server thread/INFO]: Generating keypair
[22:29:54] [Server thread/INFO]: Starting Minecraft server on *:25565
[22:29:54] [Server thread/INFO]: Using default channel type
[22:29:54] [Server thread/INFO]: Paper: Using Java compression from Velocity.
[22:29:54] [Server thread/INFO]: Paper: Using Java cipher from Velocity.
[22:29:54] [Server thread/INFO]: [Vault] Loading server plugin Vault v1.7.3-b131
[22:29:54] [Server thread/INFO]: [FastAsyncWorldEdit] Loading server plugin FastAsyncWorldEdit v2.6.4-SNAPSHOT-478;dae6c69
[22:29:55] [Server thread/INFO]: Got request to register class com.sk89q.worldedit.bukkit.BukkitServerInterface with WorldEdit [com.sk89q.worldedit.extension.platform.PlatformManager@7f789a31]
[22:29:55] [Server thread/INFO]: [ProtocolLib] Loading server plugin ProtocolLib v5.1.0
[22:29:56] [Server thread/INFO]: [WorldGuard] Loading server plugin WorldGuard v7.0.8+33cdb4a
[22:29:56] [Server thread/INFO]: [LoneLibs] Loading server plugin LoneLibs v1.0.45
[22:29:56] [Server thread/INFO]: [Citizens] Loading server plugin Citizens v2.0.30-SNAPSHOT (build 2895)
[22:29:56] [Server thread/INFO]: [Essentials] Loading server plugin Essentials v2.20.1
[22:29:56] [Server thread/INFO]: [ItemsAdder] Loading server plugin ItemsAdder v3.3.1
[22:29:56] [Server thread/INFO]: [Houses] Loading server plugin Houses v1.0-SNAPSHOT
[22:29:56] [Server thread/INFO]: [ccrpdev-api] Loading server plugin ccrpdev-api v1.8-SNAPSHOT
[22:29:56] [Server thread/INFO]: Server permissions file permissions.yml is empty, ignoring it
[22:29:56] [Server thread/INFO]: [Vault] Enabling Vault v1.7.3-b131
[22:29:56] [Server thread/INFO]: [Vault] [Economy] Essentials Economy found: Waiting
[22:29:56] [Server thread/INFO]: [Vault] [Permission] SuperPermissions loaded as backup permission system.
[22:29:56] [Server thread/INFO]: [Vault] Enabled Version 1.7.3-b131
[22:29:56] [Server thread/INFO]: [FastAsyncWorldEdit] Enabling FastAsyncWorldEdit v2.6.4-SNAPSHOT-478;dae6c69
[22:29:56] [Server thread/INFO]: [com.fastasyncworldedit.core.Fawe] LZ4 Compression Binding loaded successfully
[22:29:56] [Server thread/INFO]: [com.fastasyncworldedit.core.Fawe] ZSTD Compression Binding loaded successfully
[22:29:56] [Server thread/INFO]: Registering commands with com.sk89q.worldedit.bukkit.BukkitServerInterface
[22:29:56] [Server thread/INFO]: WEPIF: Vault detected! Using Vault for permissions
[22:29:56] [Server thread/INFO]: Using com.sk89q.worldedit.bukkit.adapter.impl.fawe.v1_19_R2.PaperweightFaweAdapter as the Bukkit adapter
[22:29:57] [Server thread/WARN]: [com.fastasyncworldedit.core.util.UpdateNotification] An update for FastAsyncWorldEdit is available. You are 298 build(s) out of date.
You are running build 478, the latest version is build 776.
Update at https://www.spigotmc.org/resources/13932/
[22:29:57] [Server thread/INFO]: [ProtocolLib] Enabling ProtocolLib v5.1.0
[22:29:57] [Server thread/INFO]: [LoneLibs] Enabling LoneLibs v1.0.45
[22:29:57] [Server thread/INFO]: [ccrpdev-api] Enabling ccrpdev-api v1.8-SNAPSHOT
[22:29:58] [Server thread/WARN]: **** SERVER IS RUNNING IN OFFLINE/INSECURE MODE!
[22:29:58] [Server thread/WARN]: The server will make no attempt to authenticate usernames. Beware.
[22:29:58] [Server thread/WARN]: While this makes the game possible to play without internet access, it also opens up the ability for hackers to connect with any username they choose.
[22:29:58] [Server thread/WARN]: To change this, set "online-mode" to "true" in the server.properties file.
[22:29:58] [Server thread/INFO]: Preparing level "world"
[22:29:58] [Server thread/INFO]: Preparing start region for dimension minecraft:overworld
[22:29:58] [Server thread/INFO]: Time elapsed: 90 ms
[22:29:58] [Server thread/INFO]: Preparing start region for dimension minecraft:the_nether
[22:29:58] [Server thread/INFO]: Time elapsed: 20 ms
[22:29:58] [Server thread/INFO]: Preparing start region for dimension minecraft:the_end
[22:29:58] [Server thread/INFO]: Time elapsed: 17 ms
[22:29:58] [Server thread/INFO]: [WorldGuard] Enabling WorldGuard v7.0.8+33cdb4a
[22:29:58] [Server thread/INFO]: [WorldGuard] (world) TNT ignition is PERMITTED.
[22:29:58] [Server thread/INFO]: [WorldGuard] (world) Lighters are PERMITTED.
[22:29:58] [Server thread/INFO]: [WorldGuard] (world) Lava fire is PERMITTED.
[22:29:58] [Server thread/INFO]: [WorldGuard] (world) Fire spread is UNRESTRICTED.
[22:29:58] [Server thread/INFO]: [WorldGuard] Loaded configuration for world 'world'
[22:29:58] [Server thread/INFO]: [WorldGuard] (world_nether) TNT ignition is PERMITTED.
[22:29:58] [Server thread/INFO]: [WorldGuard] (world_nether) Lighters are PERMITTED.
[22:29:58] [Server thread/INFO]: [WorldGuard] (world_nether) Lava fire is PERMITTED.
[22:29:58] [Server thread/INFO]: [WorldGuard] (world_nether) Fire spread is UNRESTRICTED.
[22:29:58] [Server thread/INFO]: [WorldGuard] Loaded configuration for world 'world_nether'
[22:29:58] [Server thread/INFO]: [WorldGuard] (world_the_end) TNT ignition is PERMITTED.
[22:29:58] [Server thread/INFO]: [WorldGuard] (world_the_end) Lighters are PERMITTED.
[22:29:58] [Server thread/INFO]: [WorldGuard] (world_the_end) Lava fire is PERMITTED.
[22:29:58] [Server thread/INFO]: [WorldGuard] (world_the_end) Fire spread is UNRESTRICTED.
[22:29:58] [Server thread/INFO]: [WorldGuard] Loaded configuration for world 'world_the_end'
[22:29:58] [Server thread/INFO]: [WorldGuard] Loading region data...
[22:29:59] [Server thread/INFO]: [Citizens] Enabling Citizens v2.0.30-SNAPSHOT (build 2895)
[22:29:59] [Server thread/INFO]: [Citizens] Loading external libraries
[22:29:59] [Server thread/INFO]: [Citizens] Loaded economy handling via Vault.
[22:29:59] [Server thread/INFO]: [Essentials] Enabling Essentials v2.20.1
[22:29:59] [Server thread/ERROR]: [Essentials] You are running an unsupported server version!
[22:30:00] [Server thread/INFO]: [Essentials] Attempting to convert old kits in config.yml to new kits.yml
[22:30:00] [Server thread/INFO]: [Essentials] No kits found to migrate.
[22:30:00] [Server thread/INFO]: [Essentials] Loaded 39094 items from items.json.
[22:30:00] [Server thread/INFO]: [Essentials] Using locale en_US
[22:30:00] [Server thread/INFO]: [Essentials] ServerListPingEvent: Spigot iterator API
[22:30:00] [Server thread/INFO]: [Essentials] Starting Metrics. Opt-out using the global bStats config.
[22:30:00] [Server thread/INFO]: [Vault] [Economy] Essentials Economy hooked.
[22:30:00] [Server thread/INFO]: [Essentials] Using superperms-based permissions.
[22:30:00] [Server thread/INFO]: [ItemsAdder] Enabling ItemsAdder v3.3.1
[22:30:00] [Server thread/INFO]: [NBTAPI] [NBTAPI] Found Spigot: v1_19_R2! Trying to find NMS support
[22:30:00] [Server thread/INFO]: [NBTAPI] [NBTAPI] NMS support 'MC1_19_R2' loaded!
[22:30:00] [Server thread/INFO]: [ItemsAdder] [m[0;36;1m
[0;36;1m  ___  ___        __        __   __   ___  __  [0;32;22m    ItemsAdder[0;37;22m 3.3.1
[0;36;1m|  |  |__   |\/| /__`  /\  |  \ |  \ |__  |__) [0;32;22m    LoneLibs[0;37;22m 1.0.45
[0;36;1m|  |  |___  |  | .__/ /--\ |__/ |__/ |___ |  \ [0;30;1m    Paper git-Paper-448 (MC: 1.19.3)
[0;36;1m                                               [m
[22:30:00] [Server thread/INFO]: [ItemsAdder] [m[0;33;1mLightAPI not installed, please install it to see blocks emitting light: [0;36;1mhttps://a.devs.beer/lightapi-new[m
[22:30:01] [Server thread/INFO]: [ItemsAdder] [mRegistered Citizens NPC Trait: customentity[m
[22:30:01] [Server thread/INFO]: [Houses] Enabling Houses v1.0-SNAPSHOT
[22:30:01] [Server thread/INFO]: [ccrpdev-api] Data for service eripe14 updated successfully!
[22:30:01] [Server thread/INFO]: [Houses] Hooked into Vault
[22:30:01] [Server thread/INFO]: Running delayed init tasks
[22:30:01] [Craft Scheduler Thread - 1 - Essentials/INFO]: [Essentials] Fetching version information...
[22:30:01] [Server thread/INFO]: [com.fastasyncworldedit.bukkit.regions.WorldGuardFeature] Plugin 'WorldGuard' found. Using it now.
[22:30:01] [Server thread/INFO]: [com.fastasyncworldedit.bukkit.FaweBukkit] Attempting to use plugin 'WorldGuard'
[22:30:01] [Server thread/INFO]: [Essentials] Essentials found a compatible payment resolution method: Vault Compatibility Layer (v1.7.3-b131)!
[22:30:01] [Server thread/INFO]: [ItemsAdder] [m[0;36;1m[Pack] Extracting internal contents from .jar[m
[22:30:01] [Craft Scheduler Thread - 4 - ItemsAdder/INFO]: [ItemsAdder] [m [m
[22:30:01] [Craft Scheduler Thread - 4 - ItemsAdder/INFO]: [ItemsAdder] [m[0;32;1mUPDATE available: [0;36;1mhttps://www.spigotmc.org/resources/73355/[m
[22:30:01] [Craft Scheduler Thread - 4 - ItemsAdder/INFO]: [ItemsAdder] [m[0;30;1mCurrent version: 3.3.1[0;30;1m | Online version: 3.6.3-beta-14[m
[22:30:01] [Craft Scheduler Thread - 4 - ItemsAdder/INFO]: [ItemsAdder] [m [m
[22:30:01] [Server thread/INFO]: [ItemsAdder] [m[0;32;1m[Pack] DONE extracting internal contents from .jar[m
[22:30:01] [Server thread/WARN]: [ItemsAdder] [m[0;33;1mDetected legacy ItemsAdder pack (pre 3.3.0).[m
[22:30:01] [Server thread/WARN]: [ItemsAdder] [m[0;33;1mTrying to load files, unexpected results might occur.[m
[22:30:01] [Server thread/WARN]: [ItemsAdder] [m[0;33;1mIt's adviced to follow the new guidelines: https://a.devs.beer/ia-new-guidelines-330[m
[22:30:02] [Craft Scheduler Thread - 0 - ItemsAdder/INFO]: [ItemsAdder] [m[0;32;1m[License] Spigot product licensed to: [0;36;1mkubakcn18 (500963)[m
[22:30:02] [Server thread/ERROR]: [ItemsAdder] [m[0;31;1mCan't set file file attributes ia_img_cached_date, ia_img_height, ia_img_width: F:\codes\rp\houses\run\plugins\ItemsAdder\data\resource_pack\assets\z_iainternal\textures\gui\no_recipe.png[m
[22:30:02] [Server thread/WARN]: java.nio.file.FileSystemException: F:\codes\rp\houses\run\plugins\ItemsAdder\data\resource_pack\assets\z_iainternal\textures\gui\no_recipe.png:ia_img_cached_date: Nazwa pliku, nazwa katalogu lub sk³adnia etykiety woluminu jest niepoprawna
[22:30:02] [Server thread/WARN]: 	at java.base/sun.nio.fs.WindowsException.translateToIOException(WindowsException.java:92)
[22:30:02] [Server thread/WARN]: 	at java.base/sun.nio.fs.WindowsException.rethrowAsIOException(WindowsException.java:96)
[22:30:02] [Server thread/WARN]: 	at java.base/sun.nio.fs.WindowsUserDefinedFileAttributeView.write(WindowsUserDefinedFileAttributeView.java:206)
[22:30:02] [Server thread/WARN]: 	at java.base/sun.nio.fs.AbstractUserDefinedFileAttributeView.setAttribute(AbstractUserDefinedFileAttributeView.java:73)
[22:30:02] [Server thread/WARN]: 	at java.base/sun.nio.fs.AbstractFileSystemProvider.setAttribute(AbstractFileSystemProvider.java:81)
[22:30:02] [Server thread/WARN]: 	at java.base/java.nio.file.Files.setAttribute(Files.java:1919)
[22:30:02] [Server thread/WARN]: 	at ItemsAdder_3.3.1.jar//ia.m.hS.a(SourceFile:94)
[22:30:02] [Server thread/WARN]: 	at ItemsAdder_3.3.1.jar//ia.m.aK.<init>(SourceFile:198)
[22:30:02] [Server thread/WARN]: 	at ItemsAdder_3.3.1.jar//ia.m.aJ.aB(SourceFile:151)
[22:30:02] [Server thread/WARN]: 	at ItemsAdder_3.3.1.jar//ia.m.I.b(SourceFile:689)
[22:30:02] [Server thread/WARN]: 	at ItemsAdder_3.3.1.jar//ia.m.I.a(SourceFile:591)
[22:30:02] [Server thread/WARN]: 	at org.bukkit.craftbukkit.v1_19_R2.scheduler.CraftTask.run(CraftTask.java:103)
[22:30:02] [Server thread/WARN]: 	at org.bukkit.craftbukkit.v1_19_R2.scheduler.CraftScheduler.mainThreadHeartbeat(CraftScheduler.java:483)
[22:30:02] [Server thread/WARN]: 	at net.minecraft.server.MinecraftServer.w(MinecraftServer.java:1114)
[22:30:02] [Server thread/WARN]: 	at net.minecraft.server.MinecraftServer.lambda$spin$0(MinecraftServer.java:316)
[22:30:02] [Server thread/WARN]: 	at java.base/java.lang.Thread.run(Thread.java:833)
[22:30:02] [Server thread/ERROR]: [ItemsAdder] [m[0;31;1mCan't set file file attributes ia_img_cached_date, ia_img_height, ia_img_width: F:\codes\rp\houses\run\plugins\ItemsAdder\data\resource_pack\assets\z_iainternal\textures\gui\crafting.png[m
[22:30:02] [Server thread/WARN]: java.nio.file.FileSystemException: F:\codes\rp\houses\run\plugins\ItemsAdder\data\resource_pack\assets\z_iainternal\textures\gui\crafting.png:ia_img_cached_date: Nazwa pliku, nazwa katalogu lub sk³adnia etykiety woluminu jest niepoprawna
[22:30:02] [Server thread/WARN]: 	at java.base/sun.nio.fs.WindowsException.translateToIOException(WindowsException.java:92)
[22:30:02] [Server thread/WARN]: 	at java.base/sun.nio.fs.WindowsException.rethrowAsIOException(WindowsException.java:96)
[22:30:02] [Server thread/WARN]: 	at java.base/sun.nio.fs.WindowsUserDefinedFileAttributeView.write(WindowsUserDefinedFileAttributeView.java:206)
[22:30:02] [Server thread/WARN]: 	at java.base/sun.nio.fs.AbstractUserDefinedFileAttributeView.setAttribute(AbstractUserDefinedFileAttributeView.java:73)
[22:30:02] [Server thread/WARN]: 	at java.base/sun.nio.fs.AbstractFileSystemProvider.setAttribute(AbstractFileSystemProvider.java:81)
[22:30:02] [Server thread/WARN]: 	at java.base/java.nio.file.Files.setAttribute(Files.java:1919)
[22:30:02] [Server thread/WARN]: 	at ItemsAdder_3.3.1.jar//ia.m.hS.a(SourceFile:94)
[22:30:02] [Server thread/WARN]: 	at ItemsAdder_3.3.1.jar//ia.m.aK.<init>(SourceFile:198)
[22:30:02] [Server thread/WARN]: 	at ItemsAdder_3.3.1.jar//ia.m.aJ.aB(SourceFile:151)
[22:30:02] [Server thread/WARN]: 	at ItemsAdder_3.3.1.jar//ia.m.I.b(SourceFile:689)
[22:30:02] [Server thread/WARN]: 	at ItemsAdder_3.3.1.jar//ia.m.I.a(SourceFile:591)
[22:30:02] [Server thread/WARN]: 	at org.bukkit.craftbukkit.v1_19_R2.scheduler.CraftTask.run(CraftTask.java:103)
[22:30:02] [Server thread/WARN]: 	at org.bukkit.craftbukkit.v1_19_R2.scheduler.CraftScheduler.mainThreadHeartbeat(CraftScheduler.java:483)
[22:30:02] [Server thread/WARN]: 	at net.minecraft.server.MinecraftServer.w(MinecraftServer.java:1114)
[22:30:02] [Server thread/WARN]: 	at net.minecraft.server.MinecraftServer.lambda$spin$0(MinecraftServer.java:316)
[22:30:02] [Server thread/WARN]: 	at java.base/java.lang.Thread.run(Thread.java:833)
[22:30:02] [Server thread/ERROR]: [ItemsAdder] [m[0;31;1mCan't set file file attributes ia_img_cached_date, ia_img_height, ia_img_width: F:\codes\rp\houses\run\plugins\ItemsAdder\data\resource_pack\assets\z_iainternal\textures\gui\cooking.png[m
[22:30:02] [Server thread/WARN]: java.nio.file.FileSystemException: F:\codes\rp\houses\run\plugins\ItemsAdder\data\resource_pack\assets\z_iainternal\textures\gui\cooking.png:ia_img_cached_date: Nazwa pliku, nazwa katalogu lub sk³adnia etykiety woluminu jest niepoprawna
[22:30:02] [Server thread/WARN]: 	at java.base/sun.nio.fs.WindowsException.translateToIOException(WindowsException.java:92)
[22:30:02] [Server thread/WARN]: 	at java.base/sun.nio.fs.WindowsException.rethrowAsIOException(WindowsException.java:96)
[22:30:02] [Server thread/WARN]: 	at java.base/sun.nio.fs.WindowsUserDefinedFileAttributeView.write(WindowsUserDefinedFileAttributeView.java:206)
[22:30:02] [Server thread/WARN]: 	at java.base/sun.nio.fs.AbstractUserDefinedFileAttributeView.setAttribute(AbstractUserDefinedFileAttributeView.java:73)
[22:30:02] [Server thread/WARN]: 	at java.base/sun.nio.fs.AbstractFileSystemProvider.setAttribute(AbstractFileSystemProvider.java:81)
[22:30:02] [Server thread/WARN]: 	at java.base/java.nio.file.Files.setAttribute(Files.java:1919)
[22:30:02] [Server thread/WARN]: 	at ItemsAdder_3.3.1.jar//ia.m.hS.a(SourceFile:94)
[22:30:02] [Server thread/WARN]: 	at ItemsAdder_3.3.1.jar//ia.m.aK.<init>(SourceFile:198)
[22:30:02] [Server thread/WARN]: 	at ItemsAdder_3.3.1.jar//ia.m.aJ.aB(SourceFile:151)
[22:30:02] [Server thread/WARN]: 	at ItemsAdder_3.3.1.jar//ia.m.I.b(SourceFile:689)
[22:30:02] [Server thread/WARN]: 	at ItemsAdder_3.3.1.jar//ia.m.I.a(SourceFile:591)
[22:30:02] [Server thread/WARN]: 	at org.bukkit.craftbukkit.v1_19_R2.scheduler.CraftTask.run(CraftTask.java:103)
[22:30:02] [Server thread/WARN]: 	at org.bukkit.craftbukkit.v1_19_R2.scheduler.CraftScheduler.mainThreadHeartbeat(CraftScheduler.java:483)
[22:30:02] [Server thread/WARN]: 	at net.minecraft.server.MinecraftServer.w(MinecraftServer.java:1114)
[22:30:02] [Server thread/WARN]: 	at net.minecraft.server.MinecraftServer.lambda$spin$0(MinecraftServer.java:316)
[22:30:02] [Server thread/WARN]: 	at java.base/java.lang.Thread.run(Thread.java:833)
[22:30:02] [Server thread/ERROR]: [ItemsAdder] [m[0;31;1mCan't set file file attributes ia_img_cached_date, ia_img_height, ia_img_width: F:\codes\rp\houses\run\plugins\ItemsAdder\data\resource_pack\assets\z_iainternal\textures\gui\blank_menu.png[m
[22:30:02] [Server thread/WARN]: java.nio.file.FileSystemException: F:\codes\rp\houses\run\plugins\ItemsAdder\data\resource_pack\assets\z_iainternal\textures\gui\blank_menu.png:ia_img_cached_date: Nazwa pliku, nazwa katalogu lub sk³adnia etykiety woluminu jest niepoprawna
[22:30:02] [Server thread/WARN]: 	at java.base/sun.nio.fs.WindowsException.translateToIOException(WindowsException.java:92)
[22:30:02] [Server thread/WARN]: 	at java.base/sun.nio.fs.WindowsException.rethrowAsIOException(WindowsException.java:96)
[22:30:02] [Server thread/WARN]: 	at java.base/sun.nio.fs.WindowsUserDefinedFileAttributeView.write(WindowsUserDefinedFileAttributeView.java:206)
[22:30:02] [Server thread/WARN]: 	at java.base/sun.nio.fs.AbstractUserDefinedFileAttributeView.setAttribute(AbstractUserDefinedFileAttributeView.java:73)
[22:30:02] [Server thread/WARN]: 	at java.base/sun.nio.fs.AbstractFileSystemProvider.setAttribute(AbstractFileSystemProvider.java:81)
[22:30:02] [Server thread/WARN]: 	at java.base/java.nio.file.Files.setAttribute(Files.java:1919)
[22:30:02] [Server thread/WARN]: 	at ItemsAdder_3.3.1.jar//ia.m.hS.a(SourceFile:94)
[22:30:02] [Server thread/WARN]: 	at ItemsAdder_3.3.1.jar//ia.m.aK.<init>(SourceFile:198)
[22:30:02] [Server thread/WARN]: 	at ItemsAdder_3.3.1.jar//ia.m.aJ.aB(SourceFile:151)
[22:30:02] [Server thread/WARN]: 	at ItemsAdder_3.3.1.jar//ia.m.I.b(SourceFile:689)
[22:30:02] [Server thread/WARN]: 	at ItemsAdder_3.3.1.jar//ia.m.I.a(SourceFile:591)
[22:30:02] [Server thread/WARN]: 	at org.bukkit.craftbukkit.v1_19_R2.scheduler.CraftTask.run(CraftTask.java:103)
[22:30:02] [Server thread/WARN]: 	at org.bukkit.craftbukkit.v1_19_R2.scheduler.CraftScheduler.mainThreadHeartbeat(CraftScheduler.java:483)
[22:30:02] [Server thread/WARN]: 	at net.minecraft.server.MinecraftServer.w(MinecraftServer.java:1114)
[22:30:02] [Server thread/WARN]: 	at net.minecraft.server.MinecraftServer.lambda$spin$0(MinecraftServer.java:316)
[22:30:02] [Server thread/WARN]: 	at java.base/java.lang.Thread.run(Thread.java:833)
[22:30:02] [Server thread/ERROR]: [ItemsAdder] [m[0;31;1mCan't set file file attributes ia_img_cached_date, ia_img_height, ia_img_width: F:\codes\rp\houses\run\plugins\ItemsAdder\data\resource_pack\assets\z_iainternal\textures\gui\anvil_repair.png[m
[22:30:02] [Server thread/WARN]: java.nio.file.FileSystemException: F:\codes\rp\houses\run\plugins\ItemsAdder\data\resource_pack\assets\z_iainternal\textures\gui\anvil_repair.png:ia_img_cached_date: Nazwa pliku, nazwa katalogu lub sk³adnia etykiety woluminu jest niepoprawna
[22:30:02] [Server thread/WARN]: 	at java.base/sun.nio.fs.WindowsException.translateToIOException(WindowsException.java:92)
[22:30:02] [Server thread/WARN]: 	at java.base/sun.nio.fs.WindowsException.rethrowAsIOException(WindowsException.java:96)
[22:30:02] [Server thread/WARN]: 	at java.base/sun.nio.fs.WindowsUserDefinedFileAttributeView.write(WindowsUserDefinedFileAttributeView.java:206)
[22:30:02] [Server thread/WARN]: 	at java.base/sun.nio.fs.AbstractUserDefinedFileAttributeView.setAttribute(AbstractUserDefinedFileAttributeView.java:73)
[22:30:02] [Server thread/WARN]: 	at java.base/sun.nio.fs.AbstractFileSystemProvider.setAttribute(AbstractFileSystemProvider.java:81)
[22:30:02] [Server thread/WARN]: 	at java.base/java.nio.file.Files.setAttribute(Files.java:1919)
[22:30:02] [Server thread/WARN]: 	at ItemsAdder_3.3.1.jar//ia.m.hS.a(SourceFile:94)
[22:30:02] [Server thread/WARN]: 	at ItemsAdder_3.3.1.jar//ia.m.aK.<init>(SourceFile:198)
[22:30:02] [Server thread/WARN]: 	at ItemsAdder_3.3.1.jar//ia.m.aJ.aB(SourceFile:151)
[22:30:02] [Server thread/WARN]: 	at ItemsAdder_3.3.1.jar//ia.m.I.b(SourceFile:689)
[22:30:02] [Server thread/WARN]: 	at ItemsAdder_3.3.1.jar//ia.m.I.a(SourceFile:591)
[22:30:02] [Server thread/WARN]: 	at org.bukkit.craftbukkit.v1_19_R2.scheduler.CraftTask.run(CraftTask.java:103)
[22:30:02] [Server thread/WARN]: 	at org.bukkit.craftbukkit.v1_19_R2.scheduler.CraftScheduler.mainThreadHeartbeat(CraftScheduler.java:483)
[22:30:02] [Server thread/WARN]: 	at net.minecraft.server.MinecraftServer.w(MinecraftServer.java:1114)
[22:30:02] [Server thread/WARN]: 	at net.minecraft.server.MinecraftServer.lambda$spin$0(MinecraftServer.java:316)
[22:30:02] [Server thread/WARN]: 	at java.base/java.lang.Thread.run(Thread.java:833)
[22:30:02] [Server thread/ERROR]: [ItemsAdder] [m[0;31;1mCan't set file file attributes ia_img_cached_date, ia_img_height, ia_img_width: F:\codes\rp\houses\run\plugins\ItemsAdder\contents\_iainternal\resourcepack\assets\_iainternal\textures\gui\no_recipe.png[m
[22:30:02] [Server thread/WARN]: java.nio.file.FileSystemException: F:\codes\rp\houses\run\plugins\ItemsAdder\contents\_iainternal\resourcepack\assets\_iainternal\textures\gui\no_recipe.png:ia_img_cached_date: Nazwa pliku, nazwa katalogu lub sk³adnia etykiety woluminu jest niepoprawna
[22:30:02] [Server thread/WARN]: 	at java.base/sun.nio.fs.WindowsException.translateToIOException(WindowsException.java:92)
[22:30:02] [Server thread/WARN]: 	at java.base/sun.nio.fs.WindowsException.rethrowAsIOException(WindowsException.java:96)
[22:30:02] [Server thread/WARN]: 	at java.base/sun.nio.fs.WindowsUserDefinedFileAttributeView.write(WindowsUserDefinedFileAttributeView.java:206)
[22:30:02] [Server thread/WARN]: 	at java.base/sun.nio.fs.AbstractUserDefinedFileAttributeView.setAttribute(AbstractUserDefinedFileAttributeView.java:73)
[22:30:02] [Server thread/WARN]: 	at java.base/sun.nio.fs.AbstractFileSystemProvider.setAttribute(AbstractFileSystemProvider.java:81)
[22:30:02] [Server thread/WARN]: 	at java.base/java.nio.file.Files.setAttribute(Files.java:1919)
[22:30:02] [Server thread/WARN]: 	at ItemsAdder_3.3.1.jar//ia.m.hS.a(SourceFile:94)
[22:30:02] [Server thread/WARN]: 	at ItemsAdder_3.3.1.jar//ia.m.aK.<init>(SourceFile:198)
[22:30:02] [Server thread/WARN]: 	at ItemsAdder_3.3.1.jar//ia.m.aJ.aB(SourceFile:151)
[22:30:02] [Server thread/WARN]: 	at ItemsAdder_3.3.1.jar//ia.m.I.b(SourceFile:689)
[22:30:02] [Server thread/WARN]: 	at ItemsAdder_3.3.1.jar//ia.m.I.a(SourceFile:591)
[22:30:02] [Server thread/WARN]: 	at org.bukkit.craftbukkit.v1_19_R2.scheduler.CraftTask.run(CraftTask.java:103)
[22:30:02] [Server thread/WARN]: 	at org.bukkit.craftbukkit.v1_19_R2.scheduler.CraftScheduler.mainThreadHeartbeat(CraftScheduler.java:483)
[22:30:02] [Server thread/WARN]: 	at net.minecraft.server.MinecraftServer.w(MinecraftServer.java:1114)
[22:30:02] [Server thread/WARN]: 	at net.minecraft.server.MinecraftServer.lambda$spin$0(MinecraftServer.java:316)
[22:30:02] [Server thread/WARN]: 	at java.base/java.lang.Thread.run(Thread.java:833)
[22:30:02] [Server thread/ERROR]: [ItemsAdder] [m[0;31;1mCan't set file file attributes ia_img_cached_date, ia_img_height, ia_img_width: F:\codes\rp\houses\run\plugins\ItemsAdder\contents\_iainternal\resourcepack\assets\_iainternal\textures\gui\crafting.png[m
[22:30:02] [Server thread/WARN]: java.nio.file.FileSystemException: F:\codes\rp\houses\run\plugins\ItemsAdder\contents\_iainternal\resourcepack\assets\_iainternal\textures\gui\crafting.png:ia_img_cached_date: Nazwa pliku, nazwa katalogu lub sk³adnia etykiety woluminu jest niepoprawna
[22:30:02] [Server thread/WARN]: 	at java.base/sun.nio.fs.WindowsException.translateToIOException(WindowsException.java:92)
[22:30:02] [Server thread/WARN]: 	at java.base/sun.nio.fs.WindowsException.rethrowAsIOException(WindowsException.java:96)
[22:30:02] [Server thread/WARN]: 	at java.base/sun.nio.fs.WindowsUserDefinedFileAttributeView.write(WindowsUserDefinedFileAttributeView.java:206)
[22:30:02] [Server thread/WARN]: 	at java.base/sun.nio.fs.AbstractUserDefinedFileAttributeView.setAttribute(AbstractUserDefinedFileAttributeView.java:73)
[22:30:02] [Server thread/WARN]: 	at java.base/sun.nio.fs.AbstractFileSystemProvider.setAttribute(AbstractFileSystemProvider.java:81)
[22:30:02] [Server thread/WARN]: 	at java.base/java.nio.file.Files.setAttribute(Files.java:1919)
[22:30:02] [Server thread/WARN]: 	at ItemsAdder_3.3.1.jar//ia.m.hS.a(SourceFile:94)
[22:30:02] [Server thread/WARN]: 	at ItemsAdder_3.3.1.jar//ia.m.aK.<init>(SourceFile:198)
[22:30:02] [Server thread/WARN]: 	at ItemsAdder_3.3.1.jar//ia.m.aJ.aB(SourceFile:151)
[22:30:02] [Server thread/WARN]: 	at ItemsAdder_3.3.1.jar//ia.m.I.b(SourceFile:689)
[22:30:02] [Server thread/WARN]: 	at ItemsAdder_3.3.1.jar//ia.m.I.a(SourceFile:591)
[22:30:02] [Server thread/WARN]: 	at org.bukkit.craftbukkit.v1_19_R2.scheduler.CraftTask.run(CraftTask.java:103)
[22:30:02] [Server thread/WARN]: 	at org.bukkit.craftbukkit.v1_19_R2.scheduler.CraftScheduler.mainThreadHeartbeat(CraftScheduler.java:483)
[22:30:02] [Server thread/WARN]: 	at net.minecraft.server.MinecraftServer.w(MinecraftServer.java:1114)
[22:30:02] [Server thread/WARN]: 	at net.minecraft.server.MinecraftServer.lambda$spin$0(MinecraftServer.java:316)
[22:30:02] [Server thread/WARN]: 	at java.base/java.lang.Thread.run(Thread.java:833)
[22:30:02] [Server thread/ERROR]: [ItemsAdder] [m[0;31;1mCan't set file file attributes ia_img_cached_date, ia_img_height, ia_img_width: F:\codes\rp\houses\run\plugins\ItemsAdder\contents\_iainternal\resourcepack\assets\_iainternal\textures\gui\cooking.png[m
[22:30:02] [Server thread/WARN]: java.nio.file.FileSystemException: F:\codes\rp\houses\run\plugins\ItemsAdder\contents\_iainternal\resourcepack\assets\_iainternal\textures\gui\cooking.png:ia_img_cached_date: Nazwa pliku, nazwa katalogu lub sk³adnia etykiety woluminu jest niepoprawna
[22:30:02] [Server thread/WARN]: 	at java.base/sun.nio.fs.WindowsException.translateToIOException(WindowsException.java:92)
[22:30:02] [Server thread/WARN]: 	at java.base/sun.nio.fs.WindowsException.rethrowAsIOException(WindowsException.java:96)
[22:30:02] [Server thread/WARN]: 	at java.base/sun.nio.fs.WindowsUserDefinedFileAttributeView.write(WindowsUserDefinedFileAttributeView.java:206)
[22:30:02] [Server thread/WARN]: 	at java.base/sun.nio.fs.AbstractUserDefinedFileAttributeView.setAttribute(AbstractUserDefinedFileAttributeView.java:73)
[22:30:02] [Server thread/WARN]: 	at java.base/sun.nio.fs.AbstractFileSystemProvider.setAttribute(AbstractFileSystemProvider.java:81)
[22:30:02] [Server thread/WARN]: 	at java.base/java.nio.file.Files.setAttribute(Files.java:1919)
[22:30:02] [Server thread/WARN]: 	at ItemsAdder_3.3.1.jar//ia.m.hS.a(SourceFile:94)
[22:30:02] [Server thread/WARN]: 	at ItemsAdder_3.3.1.jar//ia.m.aK.<init>(SourceFile:198)
[22:30:02] [Server thread/WARN]: 	at ItemsAdder_3.3.1.jar//ia.m.aJ.aB(SourceFile:151)
[22:30:02] [Server thread/WARN]: 	at ItemsAdder_3.3.1.jar//ia.m.I.b(SourceFile:689)
[22:30:02] [Server thread/WARN]: 	at ItemsAdder_3.3.1.jar//ia.m.I.a(SourceFile:591)
[22:30:02] [Server thread/WARN]: 	at org.bukkit.craftbukkit.v1_19_R2.scheduler.CraftTask.run(CraftTask.java:103)
[22:30:02] [Server thread/WARN]: 	at org.bukkit.craftbukkit.v1_19_R2.scheduler.CraftScheduler.mainThreadHeartbeat(CraftScheduler.java:483)
[22:30:02] [Server thread/WARN]: 	at net.minecraft.server.MinecraftServer.w(MinecraftServer.java:1114)
[22:30:02] [Server thread/WARN]: 	at net.minecraft.server.MinecraftServer.lambda$spin$0(MinecraftServer.java:316)
[22:30:02] [Server thread/WARN]: 	at java.base/java.lang.Thread.run(Thread.java:833)
[22:30:02] [Server thread/ERROR]: [ItemsAdder] [m[0;31;1mCan't set file file attributes ia_img_cached_date, ia_img_height, ia_img_width: F:\codes\rp\houses\run\plugins\ItemsAdder\contents\_iainternal\resourcepack\assets\_iainternal\textures\gui\blank_menu.png[m
[22:30:02] [Server thread/WARN]: java.nio.file.FileSystemException: F:\codes\rp\houses\run\plugins\ItemsAdder\contents\_iainternal\resourcepack\assets\_iainternal\textures\gui\blank_menu.png:ia_img_cached_date: Nazwa pliku, nazwa katalogu lub sk³adnia etykiety woluminu jest niepoprawna
[22:30:02] [Server thread/WARN]: 	at java.base/sun.nio.fs.WindowsException.translateToIOException(WindowsException.java:92)
[22:30:02] [Server thread/WARN]: 	at java.base/sun.nio.fs.WindowsException.rethrowAsIOException(WindowsException.java:96)
[22:30:02] [Server thread/WARN]: 	at java.base/sun.nio.fs.WindowsUserDefinedFileAttributeView.write(WindowsUserDefinedFileAttributeView.java:206)
[22:30:02] [Server thread/WARN]: 	at java.base/sun.nio.fs.AbstractUserDefinedFileAttributeView.setAttribute(AbstractUserDefinedFileAttributeView.java:73)
[22:30:02] [Server thread/WARN]: 	at java.base/sun.nio.fs.AbstractFileSystemProvider.setAttribute(AbstractFileSystemProvider.java:81)
[22:30:02] [Server thread/WARN]: 	at java.base/java.nio.file.Files.setAttribute(Files.java:1919)
[22:30:02] [Server thread/WARN]: 	at ItemsAdder_3.3.1.jar//ia.m.hS.a(SourceFile:94)
[22:30:02] [Server thread/WARN]: 	at ItemsAdder_3.3.1.jar//ia.m.aK.<init>(SourceFile:198)
[22:30:02] [Server thread/WARN]: 	at ItemsAdder_3.3.1.jar//ia.m.aJ.aB(SourceFile:151)
[22:30:02] [Server thread/WARN]: 	at ItemsAdder_3.3.1.jar//ia.m.I.b(SourceFile:689)
[22:30:02] [Server thread/WARN]: 	at ItemsAdder_3.3.1.jar//ia.m.I.a(SourceFile:591)
[22:30:02] [Server thread/WARN]: 	at org.bukkit.craftbukkit.v1_19_R2.scheduler.CraftTask.run(CraftTask.java:103)
[22:30:02] [Server thread/WARN]: 	at org.bukkit.craftbukkit.v1_19_R2.scheduler.CraftScheduler.mainThreadHeartbeat(CraftScheduler.java:483)
[22:30:02] [Server thread/WARN]: 	at net.minecraft.server.MinecraftServer.w(MinecraftServer.java:1114)
[22:30:02] [Server thread/WARN]: 	at net.minecraft.server.MinecraftServer.lambda$spin$0(MinecraftServer.java:316)
[22:30:02] [Server thread/WARN]: 	at java.base/java.lang.Thread.run(Thread.java:833)
[22:30:02] [Server thread/ERROR]: [ItemsAdder] [m[0;31;1mCan't set file file attributes ia_img_cached_date, ia_img_height, ia_img_width: F:\codes\rp\houses\run\plugins\ItemsAdder\contents\_iainternal\resourcepack\assets\_iainternal\textures\gui\anvil_repair.png[m
[22:30:02] [Server thread/WARN]: java.nio.file.FileSystemException: F:\codes\rp\houses\run\plugins\ItemsAdder\contents\_iainternal\resourcepack\assets\_iainternal\textures\gui\anvil_repair.png:ia_img_cached_date: Nazwa pliku, nazwa katalogu lub sk³adnia etykiety woluminu jest niepoprawna
[22:30:02] [Server thread/WARN]: 	at java.base/sun.nio.fs.WindowsException.translateToIOException(WindowsException.java:92)
[22:30:02] [Server thread/WARN]: 	at java.base/sun.nio.fs.WindowsException.rethrowAsIOException(WindowsException.java:96)
[22:30:02] [Server thread/WARN]: 	at java.base/sun.nio.fs.WindowsUserDefinedFileAttributeView.write(WindowsUserDefinedFileAttributeView.java:206)
[22:30:02] [Server thread/WARN]: 	at java.base/sun.nio.fs.AbstractUserDefinedFileAttributeView.setAttribute(AbstractUserDefinedFileAttributeView.java:73)
[22:30:02] [Server thread/WARN]: 	at java.base/sun.nio.fs.AbstractFileSystemProvider.setAttribute(AbstractFileSystemProvider.java:81)
[22:30:02] [Server thread/WARN]: 	at java.base/java.nio.file.Files.setAttribute(Files.java:1919)
[22:30:02] [Server thread/WARN]: 	at ItemsAdder_3.3.1.jar//ia.m.hS.a(SourceFile:94)
[22:30:02] [Server thread/WARN]: 	at ItemsAdder_3.3.1.jar//ia.m.aK.<init>(SourceFile:198)
[22:30:02] [Server thread/WARN]: 	at ItemsAdder_3.3.1.jar//ia.m.aJ.aB(SourceFile:151)
[22:30:02] [Server thread/WARN]: 	at ItemsAdder_3.3.1.jar//ia.m.I.b(SourceFile:689)
[22:30:02] [Server thread/WARN]: 	at ItemsAdder_3.3.1.jar//ia.m.I.a(SourceFile:591)
[22:30:02] [Server thread/WARN]: 	at org.bukkit.craftbukkit.v1_19_R2.scheduler.CraftTask.run(CraftTask.java:103)
[22:30:02] [Server thread/WARN]: 	at org.bukkit.craftbukkit.v1_19_R2.scheduler.CraftScheduler.mainThreadHeartbeat(CraftScheduler.java:483)
[22:30:02] [Server thread/WARN]: 	at net.minecraft.server.MinecraftServer.w(MinecraftServer.java:1114)
[22:30:02] [Server thread/WARN]: 	at net.minecraft.server.MinecraftServer.lambda$spin$0(MinecraftServer.java:316)
[22:30:02] [Server thread/WARN]: 	at java.base/java.lang.Thread.run(Thread.java:833)
[22:30:02] [Server thread/ERROR]: [ItemsAdder] [m[0;31;1mCan't set file file attributes ia_img_cached_date, ia_img_height, ia_img_width: F:\codes\rp\houses\run\plugins\ItemsAdder\contents\_iainternal\resourcepack\assets\_iainternal\textures\gui\smithing.png[m
[22:30:02] [Server thread/WARN]: java.nio.file.FileSystemException: F:\codes\rp\houses\run\plugins\ItemsAdder\contents\_iainternal\resourcepack\assets\_iainternal\textures\gui\smithing.png:ia_img_cached_date: Nazwa pliku, nazwa katalogu lub sk³adnia etykiety woluminu jest niepoprawna
[22:30:02] [Server thread/WARN]: 	at java.base/sun.nio.fs.WindowsException.translateToIOException(WindowsException.java:92)
[22:30:02] [Server thread/WARN]: 	at java.base/sun.nio.fs.WindowsException.rethrowAsIOException(WindowsException.java:96)
[22:30:02] [Server thread/WARN]: 	at java.base/sun.nio.fs.WindowsUserDefinedFileAttributeView.write(WindowsUserDefinedFileAttributeView.java:206)
[22:30:02] [Server thread/WARN]: 	at java.base/sun.nio.fs.AbstractUserDefinedFileAttributeView.setAttribute(AbstractUserDefinedFileAttributeView.java:73)
[22:30:02] [Server thread/WARN]: 	at java.base/sun.nio.fs.AbstractFileSystemProvider.setAttribute(AbstractFileSystemProvider.java:81)
[22:30:02] [Server thread/WARN]: 	at java.base/java.nio.file.Files.setAttribute(Files.java:1919)
[22:30:02] [Server thread/WARN]: 	at ItemsAdder_3.3.1.jar//ia.m.hS.a(SourceFile:94)
[22:30:02] [Server thread/WARN]: 	at ItemsAdder_3.3.1.jar//ia.m.aK.<init>(SourceFile:198)
[22:30:02] [Server thread/WARN]: 	at ItemsAdder_3.3.1.jar//ia.m.aJ.aB(SourceFile:151)
[22:30:02] [Server thread/WARN]: 	at ItemsAdder_3.3.1.jar//ia.m.I.b(SourceFile:689)
[22:30:02] [Server thread/WARN]: 	at ItemsAdder_3.3.1.jar//ia.m.I.a(SourceFile:591)
[22:30:02] [Server thread/WARN]: 	at org.bukkit.craftbukkit.v1_19_R2.scheduler.CraftTask.run(CraftTask.java:103)
[22:30:02] [Server thread/WARN]: 	at org.bukkit.craftbukkit.v1_19_R2.scheduler.CraftScheduler.mainThreadHeartbeat(CraftScheduler.java:483)
[22:30:02] [Server thread/WARN]: 	at net.minecraft.server.MinecraftServer.w(MinecraftServer.java:1114)
[22:30:02] [Server thread/WARN]: 	at net.minecraft.server.MinecraftServer.lambda$spin$0(MinecraftServer.java:316)
[22:30:02] [Server thread/WARN]: 	at java.base/java.lang.Thread.run(Thread.java:833)
[22:30:02] [Server thread/ERROR]: [ItemsAdder] [m[0;31;1mNo namespace. File: /data/items_packs/_dictionaries/_common/en.yml[m
[22:30:02] [Server thread/INFO]: [Citizens] Loaded 2 NPCs.
[22:30:02] [Server thread/INFO]: Done (8.283s)! For help, type "help"
[22:30:02] [Server thread/INFO]: Timings Reset
[22:30:02] [Craft Scheduler Thread - 0 - Vault/INFO]: [Vault] Checking for Updates ... 
[22:30:02] [Craft Scheduler Thread - 3 - ItemsAdder/INFO]: [ItemsAdder] [m[0;33;1mLoaded [0;36;1m18[0;33;1m items[m
[22:30:02] [Craft Scheduler Thread - 3 - ItemsAdder/INFO]: [ItemsAdder] [m[0;33;1mUsed [0;36;1m0[0;33;1m/[0;36;1m188[0;33;1m REAL block IDs[m
[22:30:02] [Craft Scheduler Thread - 3 - ItemsAdder/INFO]: [ItemsAdder] [m[0;33;1mUsed [0;36;1m0[0;33;1m/[0;36;1m750[0;33;1m REAL_NOTE block IDs[m
[22:30:02] [Craft Scheduler Thread - 3 - ItemsAdder/INFO]: [ItemsAdder] [m[0;33;1mUsed [0;36;1m0[0;33;1m/[0;36;1m63[0;33;1m REAL_TRANSPARENT block IDs[m
[22:30:02] [Craft Scheduler Thread - 3 - ItemsAdder/INFO]: [ItemsAdder] [m[0;33;1mUsed [0;36;1m0[0;33;1m/[0;36;1m127[0;33;1m REAL_WIRE block IDs[m
[22:30:02] [Craft Scheduler Thread - 3 - ItemsAdder/INFO]: [ItemsAdder] [m[0;33;1mUsed [0;36;1m0[0;33;1m/[0;36;1m14[0;33;1m FIRE block IDs[m
[22:30:02] [Craft Scheduler Thread - 3 - ItemsAdder/INFO]: [ItemsAdder] [m[0;33;1mUsed [0;36;1m11[0;33;1m/[0;36;1m6608[0;33;1m font_images[m
[22:30:02] [Craft Scheduler Thread - 0 - Vault/INFO]: [Vault] No new version available
[22:30:02] [Craft Scheduler Thread - 3 - ItemsAdder/INFO]: [ItemsAdder] [m[0;32;1m[Init] Loaded [0;36;1m2[0;33;1m categories[m
[22:30:02] [Craft Scheduler Thread - 3 - ItemsAdder/INFO]: [ItemsAdder] [m[0;32;1m[Init] Loaded successfully.[m
[22:30:02] [Craft Scheduler Thread - 3 - ItemsAdder/INFO]: [ItemsAdder] [m[0;36;1m[Pack] Checking resourcepack url... [m
[22:30:02] [Server thread/INFO]: [ItemsAdder] [mReloading ItemsAdder Custom Entities Citizens NPCs[m
[22:30:04] [Craft Scheduler Thread - 3 - ItemsAdder/INFO]: [ItemsAdder] [m[0;32;1m[Pack] Resourcepack URL is valid (external-host). Url: https://www.dropbox.com/scl/fi/v7warkydwg3s9gxtrpenv/generated.zip?rlkey=nmu1mynw3qkec1on23f2ongdq&st=jmwlg285[maw=1[m
